[main] INFO Log - The actual LogIn page Text is :- LOGIN Panel
[main] INFO Log - The expected LogIn Page Text is :-LOGIN Panel
[main] INFO Log -  Validating LogIn Page LogInPanel Text Successfull - Naviagated to LogIN Page
[main] INFO Log - Validation of LogIn functionality Successfull
[main] INFO Log - Validating OHRM Application LogInPage Logo
[main] INFO Log - OrangeHRM Application LogIN Page does not contains OrangeHRMLogo - FAIL
[main] INFO Log -  OrangeHRM Appliction LogIn Page Logo existing
[main] INFO Log - The actual LogIn page Text is :- LOGIN Panel
[main] INFO Log - The expected LogIn Page Text is :-LOGIN Panel
[main] INFO Log -  Validating LogIn Page LogInPanel Text Successfull - Naviagated to LogIN Page
[main] INFO Log - Validating OHRM Application LogInPage Logo
[main] INFO Log - OrangeHRM Application LogIN Page does not contains OrangeHRMLogo - FAIL
[main] INFO Log -  OrangeHRM Appliction LogIn Page Logo existing
[main] INFO Log - The actual LogIn page Text is :- LOGIN Panel
[main] INFO Log - The expected LogIn Page Text is :-LOGIN Panel
[main] INFO Log -  Validating LogIn Page LogInPanel Text Successfull - Naviagated to LogIN Page
[main] INFO Log - Validating OHRM Application LogInPage Logo
[main] INFO Log - OrangeHRM Application LogIN Page does not contains OrangeHRMLogo - FAIL
[main] INFO Log -  OrangeHRM Appliction LogIn Page Logo existing
[main] INFO Log - The actual LogIn page Text is :- LOGIN Panel
[main] INFO Log - The expected LogIn Page Text is :-LOGIN Panel
[main] INFO Log -  Validating LogIn Page LogInPanel Text Successfull - Naviagated to LogIN Page
[main] INFO Log - Validation of LogIn functionality Successfull
[main] INFO Log - Validation of LogIn functionality Successfull
[main] INFO Log - Validation of LogIn functionality Successfull
[main] INFO Log - Validation of LogIn functionality Successfull
[main] INFO Log - Validation of LogIn functionality Successfull
[main] INFO Log - Validation of LogIn functionality Successfull
[main] INFO Log - Validation of LogIn functionality Successfull
[main] INFO Log - Validation of LogIn functionality Successfull
[main] INFO Log - Validation of LogIn functionality Successfull
[main] INFO Log - Validating OHRM Application LogInPage Logo
[main] INFO Log - OrangeHRM Application LogIN Page does not contains OrangeHRMLogo - FAIL
[main] INFO Log -  OrangeHRM Appliction LogIn Page Logo existing
[main] INFO Log - The actual LogIn page Text is :- LOGIN Panel
[main] INFO Log - The expected LogIn Page Text is :-LOGIN Panel
[main] INFO Log -  Validating LogIn Page LogInPanel Text Successfull - Naviagated to LogIN Page
[main] INFO Log - Validation of LogIn functionality Successfull
[main] INFO Log - Validation of LogIn functionality Successfull
[main] INFO Log - Validation of LogIn functionality Successfull
[main] INFO Log - Validation of LogIn functionality Successfull
[main] INFO Log - Validation of LogIn functionality Successfull
[main] INFO Log - Validation of LogIn functionality Successfull
[main] INFO Log - Validation of LogIn functionality Successfull
[main] INFO Log - Validation of LogIn functionality Successfull
[main] INFO Log - Validation of LogIn functionality Successfull
[main] INFO Log - Validating OHRM Application LogInPage Logo
[main] INFO Log - OrangeHRM Application LogIN Page does not contains OrangeHRMLogo - FAIL
[main] INFO Log -  OrangeHRM Appliction LogIn Page Logo existing
[main] INFO Log - The actual LogIn page Text is :- LOGIN Panel
[main] INFO Log - The expected LogIn Page Text is :-LOGIN Panel
[main] INFO Log -  Validating LogIn Page LogInPanel Text Successfull - Naviagated to LogIN Page
[main] INFO Log - Validation of LogIn functionality Successfull
[main] INFO Log - Validation of LogIn functionality Successfull
[main] INFO Log - Validation of LogIn functionality Successfull
[main] INFO Log - Validation of LogIn functionality Successfull
[main] INFO Log - Validation of LogIn functionality Successfull
[main] INFO Log - Validation of LogIn functionality Successfull
[main] INFO Log - Validation of LogIn functionality Successfull
[main] INFO Log - Validation of LogIn functionality Successfull
[main] INFO Log - Validation of LogIn functionality Successfull
[main] INFO Log - Validating OHRM Application LogInPage Logo
[main] INFO Log - OrangeHRM Application LogIN Page does not contains OrangeHRMLogo - FAIL
[main] INFO Log -  OrangeHRM Appliction LogIn Page Logo existing
[main] INFO Log - The actual LogIn page Text is :- LOGIN Panel
[main] INFO Log - The expected LogIn Page Text is :-LOGIN Panel
[main] INFO Log -  Validating LogIn Page LogInPanel Text Successfull - Naviagated to LogIN Page
[main] INFO Log - Validation of LogIn functionality Successfull
[main] INFO Log - Validation of LogIn functionality Successfull
[main] INFO Log - Validation of LogIn functionality Successfull
[main] INFO Log - Validation of LogIn functionality Successfull
[main] INFO Log - Validation of LogIn functionality Successfull
[main] INFO Log - Validation of LogIn functionality Successfull
[main] INFO Log - Validation of LogIn functionality Successfull
[main] INFO Log - Validation of LogIn functionality Successfull
[main] INFO Log - Validation of LogIn functionality Successfull
[main] INFO Log - Validation of LogIn functionality Successfull
[main] INFO Log - Validation of LogIn functionality Successfull
[main] INFO Log - Validation of LogIn functionality Successfull
[main] INFO Log - Validation of LogIn functionality Successfull
[main] INFO Log - Validation of LogIn functionality Successfull
[main] INFO Log - Validation of LogIn functionality Successfull
[main] INFO Log - Validation of LogIn functionality Successfull
[main] INFO Log - Validation of LogIn functionality Successfull
[main] INFO Log - Validation of LogIn functionality Successfull
[main] INFO Log - Actual_OrangeHRM HomePage Admin Text is:-Admin
[main] INFO Log - Expected_OrangeHRM HomePage Admin Text is:-Admin
[main] INFO Log - Validating OHRM Application LogInPage Logo
[main] INFO Log - OrangeHRM Application LogIN Page does not contains OrangeHRMLogo - FAIL
[main] INFO Log -  OrangeHRM Appliction LogIn Page Logo existing
[main] INFO Log - The actual LogIn page Text is :- LOGIN Panel
[main] INFO Log - The expected LogIn Page Text is :-LOGIN Panel
[main] INFO Log -  Validating LogIn Page LogInPanel Text Successfull - Naviagated to LogIN Page
[main] INFO Log - Validation of LogIn functionality Successfull
[main] INFO Log - Validation of LogIn functionality Successfull
[main] INFO Log - Validation of LogIn functionality Successfull
[main] INFO Log - Validation of LogIn functionality Successfull
[main] INFO Log - Validation of LogIn functionality Successfull
[main] INFO Log - Validation of LogIn functionality Successfull
[main] INFO Log - Validation of LogIn functionality Successfull
[main] INFO Log - Validation of LogIn functionality Successfull
[main] INFO Log - Validation of LogIn functionality Successfull
[main] INFO Log - Validating OHRM Application LogInPage Logo
[main] INFO Log -  OrangeHRM Appliction LogIn Page Logo existing
